<?xml version="1.0" encoding="UTF-8" ?>
<testsuite errors="0" failures="0" hostname="rynite.morris.umn.edu" name="surveyor.CourseControllerTests" tests="1" time="0.246" timestamp="2012-03-24T22:21:16">
  <properties />
  <testcase classname="surveyor.CourseControllerTests" name="testSomething" time="0.246" />
  <system-out><![CDATA[--Output from testSomething--
]]></system-out>
  <system-err><![CDATA[--Output from testSomething--
]]></system-err>
</testsuite>
