<?xml version="1.0" encoding="UTF-8" ?>
<testsuite errors="0" failures="0" hostname="rynite.morris.umn.edu" name="surveyor.TeamTests" tests="3" time="0.023" timestamp="2012-03-24T22:21:03">
  <properties />
  <testcase classname="surveyor.TeamTests" name="testBlankName" time="0.011" />
  <testcase classname="surveyor.TeamTests" name="testToString" time="0.003" />
  <testcase classname="surveyor.TeamTests" name="testValidGroup" time="0.005" />
  <system-out><![CDATA[--Output from testBlankName--
--Output from testToString--
--Output from testValidGroup--
]]></system-out>
  <system-err><![CDATA[--Output from testBlankName--
--Output from testToString--
--Output from testValidGroup--
]]></system-err>
</testsuite>
